<?xml version="1.0" encoding="UTF-8"?>
<!-- Generated by org.testng.reporters.JUnitReportReporter -->
<testsuite skipped="0" hostname="MacBook-Pro-Ermek.local" name="runner.RunnerClass" tests="4" failures="0" timestamp="06 Aug 2018 21:21:33 GMT" time="34.164" errors="0">
  <testcase name="Test_Case1" time="12.545" classname="runner.RunnerClass"/>
  <testcase name="SmokeTest3" time="7.475" classname="runner.RunnerClass"/>
  <testcase name="Test_Cases2" time="7.641" classname="runner.RunnerClass"/>
  <testcase name="Test_Cases20" time="6.503" classname="runner.RunnerClass"/>
</testsuite> <!-- runner.RunnerClass -->
