<?xml version="1.0" encoding="UTF-8"?>
<!-- Generated by org.testng.reporters.JUnitReportReporter -->
<testsuite skipped="0" hostname="Nuhs-MacBook-Pro.local" name="runner.RunnerClass" tests="2" failures="0" timestamp="30 Jul 2018 21:03:04 GMT" time="24.198" errors="0">
  <testcase name="TestCase1" time="13.016" classname="runner.RunnerClass"/>
  <testcase name="SmokeTest3" time="11.182" classname="runner.RunnerClass"/>
</testsuite> <!-- runner.RunnerClass -->
