<?xml version="1.0" encoding="UTF-8"?>
<!-- Generated by org.testng.reporters.JUnitReportReporter -->
<testsuite skipped="0" hostname="MacBook-Pro-Ermek.local" name="runner.RunnerClass" tests="4" failures="0" timestamp="06 Aug 2018 21:06:45 GMT" time="33.915" errors="0">
  <testcase name="Test_Case1" time="12.457" classname="runner.RunnerClass"/>
  <testcase name="SmokeTest3" time="7.499" classname="runner.RunnerClass"/>
  <testcase name="Test_Cases2" time="7.483" classname="runner.RunnerClass"/>
  <testcase name="Test_Cases20" time="6.476" classname="runner.RunnerClass"/>
</testsuite> <!-- runner.RunnerClass -->
