<?xml version="1.0" encoding="UTF-8"?>
<!-- Generated by org.testng.reporters.JUnitReportReporter -->
<testsuite skipped="0" hostname="MacBook-Pro-Ermek.local" name="runner.RunnerClass" tests="4" failures="0" timestamp="06 Aug 2018 19:45:52 GMT" time="34.736" errors="0">
  <testcase name="Test_Case1" time="12.214" classname="runner.RunnerClass"/>
  <testcase name="SmokeTest3" time="7.871" classname="runner.RunnerClass"/>
  <testcase name="Test_Cases2" time="6.838" classname="runner.RunnerClass"/>
  <testcase name="Test_Cases20" time="7.813" classname="runner.RunnerClass"/>
</testsuite> <!-- runner.RunnerClass -->
