<?xml version="1.0" encoding="UTF-8"?>
<!-- Generated by org.testng.reporters.JUnitReportReporter -->
<testsuite skipped="0" hostname="MacBook-Pro-Ermek.local" name="runner.RunnerClass" tests="1" failures="0" timestamp="30 Jul 2018 18:02:16 GMT" time="23.158" errors="0">
  <testcase name="TestCase1" time="23.158" classname="runner.RunnerClass"/>
</testsuite> <!-- runner.RunnerClass -->
